<?xml version="1.0" encoding="UTF-8"?>
<robot generator="Robot 3.1.1 (Python 3.7.3 on win32)" generated="20190401 00:17:01.987" rpa="false">
<suite id="s1" name="Dropdown Select" source="C:\Development\Robot-Scripts\qa_test\Tests\dropdown_select.robot">
<test id="s1-t1" name="Select and Load">
<kw name="navigate to page">
<kw name="Open Browser" library="SeleniumLibrary">
<doc>Opens a new browser instance to the given ``url``.</doc>
<arguments>
<arg>${PAGE}</arg>
<arg>Chrome</arg>
</arguments>
<msg timestamp="20190401 00:17:02.189" level="INFO">Opening browser 'Chrome' to base url 'file:///C:/Users/Steven/Documents/moebius_solutions_qa_test/correct.html'.</msg>
<status status="PASS" starttime="20190401 00:17:02.189" endtime="20190401 00:17:04.624"></status>
</kw>
<kw name="Maximize Browser Window" library="SeleniumLibrary">
<doc>Maximizes current browser window.</doc>
<status status="PASS" starttime="20190401 00:17:04.625" endtime="20190401 00:17:05.752"></status>
</kw>
<status status="PASS" starttime="20190401 00:17:02.189" endtime="20190401 00:17:05.752"></status>
</kw>
<kw name="choose value from dropdown and validate textbox output">
<kw name="Select From List By Index" library="SeleniumLibrary">
<doc>Selects options from selection list ``locator`` by ``indexes``.</doc>
<arguments>
<arg>select</arg>
<arg>3</arg>
</arguments>
<msg timestamp="20190401 00:17:05.753" level="INFO">Selecting options from selection list 'select' by index 3.</msg>
<status status="PASS" starttime="20190401 00:17:05.753" endtime="20190401 00:17:05.938"></status>
</kw>
<kw name="Click Button" library="SeleniumLibrary">
<doc>Clicks button identified by ``locator``.</doc>
<arguments>
<arg>loadButton</arg>
</arguments>
<msg timestamp="20190401 00:17:05.939" level="INFO">Clicking button 'loadButton'.</msg>
<status status="PASS" starttime="20190401 00:17:05.938" endtime="20190401 00:17:06.079"></status>
</kw>
<kw name="Textfield Should Contain" library="SeleniumLibrary">
<doc>Verifies text field ``locator`` contains text ``expected``.</doc>
<arguments>
<arg>input</arg>
<arg>Cat</arg>
</arguments>
<msg timestamp="20190401 00:17:06.121" level="INFO">Text field 'input' contains text 'Cat'.</msg>
<status status="PASS" starttime="20190401 00:17:06.079" endtime="20190401 00:17:06.121"></status>
</kw>
<status status="PASS" starttime="20190401 00:17:05.752" endtime="20190401 00:17:06.121"></status>
</kw>
<kw name="data remains in textfield when empty state is loaded">
<kw name="Select From List By Index" library="SeleniumLibrary">
<doc>Selects options from selection list ``locator`` by ``indexes``.</doc>
<arguments>
<arg>select</arg>
<arg>0</arg>
</arguments>
<msg timestamp="20190401 00:17:06.122" level="INFO">Selecting options from selection list 'select' by index 0.</msg>
<status status="PASS" starttime="20190401 00:17:06.122" endtime="20190401 00:17:06.220"></status>
</kw>
<kw name="Click Button" library="SeleniumLibrary">
<doc>Clicks button identified by ``locator``.</doc>
<arguments>
<arg>loadButton</arg>
</arguments>
<msg timestamp="20190401 00:17:06.221" level="INFO">Clicking button 'loadButton'.</msg>
<status status="PASS" starttime="20190401 00:17:06.221" endtime="20190401 00:17:06.278"></status>
</kw>
<kw name="Textfield Should Contain" library="SeleniumLibrary">
<doc>Verifies text field ``locator`` contains text ``expected``.</doc>
<arguments>
<arg>input</arg>
<arg>Cat</arg>
</arguments>
<msg timestamp="20190401 00:17:06.302" level="INFO">Text field 'input' contains text 'Cat'.</msg>
<status status="PASS" starttime="20190401 00:17:06.278" endtime="20190401 00:17:06.302"></status>
</kw>
<status status="PASS" starttime="20190401 00:17:06.121" endtime="20190401 00:17:06.302"></status>
</kw>
<kw name="Close Window" library="SeleniumLibrary">
<doc>Closes currently opened pop-up window.</doc>
<status status="PASS" starttime="20190401 00:17:06.303" endtime="20190401 00:17:06.405"></status>
</kw>
<status status="PASS" starttime="20190401 00:17:02.188" endtime="20190401 00:17:06.407" critical="yes"></status>
</test>
<test id="s1-t2" name="Textbox Clear">
<kw name="navigate to page">
<kw name="Open Browser" library="SeleniumLibrary">
<doc>Opens a new browser instance to the given ``url``.</doc>
<arguments>
<arg>${PAGE}</arg>
<arg>Chrome</arg>
</arguments>
<msg timestamp="20190401 00:17:06.418" level="INFO">Opening browser 'Chrome' to base url 'file:///C:/Users/Steven/Documents/moebius_solutions_qa_test/correct.html'.</msg>
<status status="PASS" starttime="20190401 00:17:06.417" endtime="20190401 00:17:08.968"></status>
</kw>
<kw name="Maximize Browser Window" library="SeleniumLibrary">
<doc>Maximizes current browser window.</doc>
<status status="PASS" starttime="20190401 00:17:08.968" endtime="20190401 00:17:10.098"></status>
</kw>
<status status="PASS" starttime="20190401 00:17:06.414" endtime="20190401 00:17:10.098"></status>
</kw>
<kw name="click clear">
<kw name="Select From List By Index" library="SeleniumLibrary">
<doc>Selects options from selection list ``locator`` by ``indexes``.</doc>
<arguments>
<arg>select</arg>
<arg>3</arg>
</arguments>
<msg timestamp="20190401 00:17:10.099" level="INFO">Selecting options from selection list 'select' by index 3.</msg>
<status status="PASS" starttime="20190401 00:17:10.099" endtime="20190401 00:17:10.277"></status>
</kw>
<kw name="Click Button" library="SeleniumLibrary">
<doc>Clicks button identified by ``locator``.</doc>
<arguments>
<arg>loadButton</arg>
</arguments>
<msg timestamp="20190401 00:17:10.278" level="INFO">Clicking button 'loadButton'.</msg>
<status status="PASS" starttime="20190401 00:17:10.278" endtime="20190401 00:17:10.384"></status>
</kw>
<kw name="Click Button" library="SeleniumLibrary">
<doc>Clicks button identified by ``locator``.</doc>
<arguments>
<arg>clearButton</arg>
</arguments>
<msg timestamp="20190401 00:17:10.385" level="INFO">Clicking button 'clearButton'.</msg>
<status status="PASS" starttime="20190401 00:17:10.385" endtime="20190401 00:17:10.491"></status>
</kw>
<kw name="Textfield Value Should Be" library="SeleniumLibrary">
<doc>Verifies text field ``locator`` has exactly text ``expected``.</doc>
<arguments>
<arg>input</arg>
<arg>${EMPTY}</arg>
</arguments>
<msg timestamp="20190401 00:17:10.527" level="INFO">Content of text field 'input' is ''.</msg>
<status status="PASS" starttime="20190401 00:17:10.491" endtime="20190401 00:17:10.528"></status>
</kw>
<status status="PASS" starttime="20190401 00:17:10.099" endtime="20190401 00:17:10.528"></status>
</kw>
<kw name="Close Window" library="SeleniumLibrary">
<doc>Closes currently opened pop-up window.</doc>
<status status="PASS" starttime="20190401 00:17:10.528" endtime="20190401 00:17:10.719"></status>
</kw>
<status status="PASS" starttime="20190401 00:17:06.410" endtime="20190401 00:17:10.719" critical="yes"></status>
</test>
<doc>This suite of tests validates the functionality of a test html page.</doc>
<status status="PASS" starttime="20190401 00:17:01.989" endtime="20190401 00:17:10.722"></status>
</suite>
<statistics>
<total>
<stat pass="2" fail="0">Critical Tests</stat>
<stat pass="2" fail="0">All Tests</stat>
</total>
<tag>
</tag>
<suite>
<stat pass="2" fail="0" id="s1" name="Dropdown Select">Dropdown Select</stat>
</suite>
</statistics>
<errors>
</errors>
</robot>
